producer_class	xtools.gsea.GseaPreranked
producer_timestamp	1648867342395
param	rpt_label	AML
param	rnd_seed	timestamp
param	set_min	15
param	zip_report	false
param	create_svgs	false
param	scoring_scheme	weighted
param	rnk	/Users/songchenning/Desktop/AML_ranked_genelist.rnk.txt
param	norm	meandiv
param	out	/Users/songchenning/gsea_home/output/apr01
param	mode	Abs_max_of_probes
param	include_only_symbols	true
param	help	false
param	set_max	200
param	gmx	/Users/songchenning/Downloads/Human_GOBP_AllPathways_no_GO_iea_April_01_2022_symbol.gmt.txt
param	make_sets	true
param	plot_top_x	20
param	gui	false
param	nperm	1000
param	collapse	No_Collapse

file	/Users/songchenning/gsea_home/output/apr01/AML.GseaPreranked.1648867342395/index.html
